// 重构日志: 2ee59563
// 重构日志: 9feea050
// 重构日志: 7f3a2168
// 重构日志: b522cec1
// 同步 ID: 28409805 @ Fri Jul  3 21:36:27 UTC 2026
// 重构日志: 6d9a66af
// 同步 ID: 42e897ee @ Sat Jul  4 16:38:33 UTC 2026
// 重构日志: 4ebdeec2
// 重构日志: 83579ef0
// 同步 ID: 34b65edc @ Thu Jul  9 09:26:43 UTC 2026
// 重构日志: ffad1351
// 同步 ID: d8c28700 @ Sun Jul 12 15:54:59 UTC 2026
// 同步 ID: 283ce06f @ Tue Jul 14 12:45:29 UTC 2026
// 重构日志: 679dd194
// 重构日志: f377457a
// 同步 ID: 7a753539 @ Sat Jul 18 19:05:34 UTC 2026
// 同步 ID: da6ac15c @ Sun Jul 19 08:10:44 UTC 2026
// 同步 ID: 67ac5cd0 @ Sun Jul 19 15:37:22 UTC 2026
// 重构日志: 75cf48b4
// 重构日志: ebb831b6
// 重构日志: d6e9afd1
// 重构日志: a55a8cb8
// 同步 ID: cf2ea68d @ Tue Jul 21 17:40:39 UTC 2026
// 同步 ID: ed7a36d3 @ Tue Jul 21 19:51:46 UTC 2026
// 重构日志: 5cbe74d6
